# JRE version: OpenJDK Runtime Environment (11.0.17+8) (build 11.0.17+8-post-Ubuntu-1ubuntu222.04)
# Java VM: OpenJDK 64-Bit Server VM (11.0.17+8-post-Ubuntu-1ubuntu222.04, mixed mode, sharing, tiered, compressed oops, g1 gc, linux-amd64)
Heap:
 garbage-first heap   total 530432K, used 178018K [0x00000000c0000000, 0x0000000100000000)
  region size 1024K, 1 young (1024K), 0 survivors (0K)
 Metaspace       used 3558K, capacity 5536K, committed 5760K, reserved 1056768K
  class space    used 326K, capacity 562K, committed 640K, reserved 1048576K
GC Heap History (20 events):
Event: 14.165 GC heap before
{Heap before GC invocations=34 (full 12):
 garbage-first heap   total 530432K, used 178017K [0x00000000c0000000, 0x0000000100000000)
  region size 1024K, 1 young (1024K), 0 survivors (0K)
 Metaspace       used 3512K, capacity 5472K, committed 5760K, reserved 1056768K
  class space    used 326K, capacity 562K, committed 640K, reserved 1048576K
}
Event: 14.216 GC heap after
{Heap after GC invocations=35 (full 13):
 garbage-first heap   total 530432K, used 178018K [0x00000000c0000000, 0x0000000100000000)
  region size 1024K, 0 young (0K), 0 survivors (0K)
 Metaspace       used 3512K, capacity 5472K, committed 5760K, reserved 1056768K
  class space    used 326K, capacity 562K, committed 640K, reserved 1048576K
}
Event: 15.272 GC heap before
{Heap before GC invocations=35 (full 13):
 garbage-first heap   total 530432K, used 178018K [0x00000000c0000000, 0x0000000100000000)
  region size 1024K, 1 young (1024K), 0 survivors (0K)
 Metaspace       used 3518K, capacity 5472K, committed 5760K, reserved 1056768K
  class space    used 326K, capacity 562K, committed 640K, reserved 1048576K
}
Event: 15.392 GC heap after
{Heap after GC invocations=36 (full 14):
 garbage-first heap   total 530432K, used 178018K [0x00000000c0000000, 0x0000000100000000)
  region size 1024K, 0 young (0K), 0 survivors (0K)
 Metaspace       used 3518K, capacity 5472K, committed 5760K, reserved 1056768K
  class space    used 326K, capacity 562K, committed 640K, reserved 1048576K
}
Event: 16.390 GC heap before
{Heap before GC invocations=36 (full 14):
 garbage-first heap   total 530432K, used 178018K [0x00000000c0000000, 0x0000000100000000)
  region size 1024K, 1 young (1024K), 0 survivors (0K)
 Metaspace       used 3523K, capacity 5472K, committed 5760K, reserved 1056768K
  class space    used 326K, capacity 562K, committed 640K, reserved 1048576K
}
Event: 16.440 GC heap after
{Heap after GC invocations=37 (full 15):
 garbage-first heap   total 530432K, used 178018K [0x00000000c0000000, 0x0000000100000000)
  region size 1024K, 0 young (0K), 0 survivors (0K)
 Metaspace       used 3523K, capacity 5472K, committed 5760K, reserved 1056768K
  class space    used 326K, capacity 562K, committed 640K, reserved 1048576K
}
Event: 17.487 GC heap before
{Heap before GC invocations=37 (full 15):
 garbage-first heap   total 530432K, used 178018K [0x00000000c0000000, 0x0000000100000000)
  region size 1024K, 1 young (1024K), 0 survivors (0K)
 Metaspace       used 3527K, capacity 5472K, committed 5760K, reserved 1056768K
  class space    used 326K, capacity 562K, committed 640K, reserved 1048576K
}
Event: 17.537 GC heap after
{Heap after GC invocations=38 (full 16):
 garbage-first heap   total 530432K, used 178018K [0x00000000c0000000, 0x0000000100000000)
  region size 1024K, 0 young (0K), 0 survivors (0K)
 Metaspace       used 3527K, capacity 5472K, committed 5760K, reserved 1056768K
  class space    used 326K, capacity 562K, committed 640K, reserved 1048576K
}
Event: 18.484 GC heap before
{Heap before GC invocations=38 (full 16):
 garbage-first heap   total 530432K, used 178018K [0x00000000c0000000, 0x0000000100000000)
  region size 1024K, 1 young (1024K), 0 survivors (0K)
 Metaspace       used 3537K, capacity 5472K, committed 5760K, reserved 1056768K
  class space    used 326K, capacity 562K, committed 640K, reserved 1048576K
}
Event: 18.541 GC heap after
{Heap after GC invocations=39 (full 17):
 garbage-first heap   total 530432K, used 178018K [0x00000000c0000000, 0x0000000100000000)
  region size 1024K, 0 young (0K), 0 survivors (0K)
 Metaspace       used 3537K, capacity 5472K, committed 5760K, reserved 1056768K
  class space    used 326K, capacity 562K, committed 640K, reserved 1048576K
}
Event: 19.505 GC heap before
{Heap before GC invocations=39 (full 17):
 garbage-first heap   total 530432K, used 178018K [0x00000000c0000000, 0x0000000100000000)
  region size 1024K, 1 young (1024K), 0 survivors (0K)
 Metaspace       used 3540K, capacity 5472K, committed 5760K, reserved 1056768K
  class space    used 326K, capacity 562K, committed 640K, reserved 1048576K
}
Event: 19.556 GC heap after
{Heap after GC invocations=40 (full 18):
 garbage-first heap   total 530432K, used 178018K [0x00000000c0000000, 0x0000000100000000)
  region size 1024K, 0 young (0K), 0 survivors (0K)
 Metaspace       used 3540K, capacity 5472K, committed 5760K, reserved 1056768K
  class space    used 326K, capacity 562K, committed 640K, reserved 1048576K
}
Event: 20.729 GC heap before
{Heap before GC invocations=40 (full 18):
 garbage-first heap   total 530432K, used 178018K [0x00000000c0000000, 0x0000000100000000)
  region size 1024K, 1 young (1024K), 0 survivors (0K)
 Metaspace       used 3540K, capacity 5472K, committed 5760K, reserved 1056768K
  class space    used 326K, capacity 562K, committed 640K, reserved 1048576K
}
Event: 20.787 GC heap after
{Heap after GC invocations=41 (full 19):
 garbage-first heap   total 530432K, used 178018K [0x00000000c0000000, 0x0000000100000000)
  region size 1024K, 0 young (0K), 0 survivors (0K)
 Metaspace       used 3540K, capacity 5472K, committed 5760K, reserved 1056768K
  class space    used 326K, capacity 562K, committed 640K, reserved 1048576K
}
Event: 21.781 GC heap before
{Heap before GC invocations=41 (full 19):
 garbage-first heap   total 530432K, used 178018K [0x00000000c0000000, 0x0000000100000000)
  region size 1024K, 1 young (1024K), 0 survivors (0K)
 Metaspace       used 3544K, capacity 5472K, committed 5760K, reserved 1056768K
  class space    used 326K, capacity 562K, committed 640K, reserved 1048576K
}
Event: 21.835 GC heap after
{Heap after GC invocations=42 (full 20):
 garbage-first heap   total 530432K, used 178018K [0x00000000c0000000, 0x0000000100000000)
  region size 1024K, 0 young (0K), 0 survivors (0K)
 Metaspace       used 3544K, capacity 5472K, committed 5760K, reserved 1056768K
  class space    used 326K, capacity 562K, committed 640K, reserved 1048576K
}
Event: 23.896 GC heap before
{Heap before GC invocations=42 (full 20):
 garbage-first heap   total 530432K, used 178018K [0x00000000c0000000, 0x0000000100000000)
  region size 1024K, 1 young (1024K), 0 survivors (0K)
 Metaspace       used 3558K, capacity 5536K, committed 5760K, reserved 1056768K
  class space    used 326K, capacity 562K, committed 640K, reserved 1048576K
}
Event: 23.949 GC heap after
{Heap after GC invocations=43 (full 21):
 garbage-first heap   total 530432K, used 178018K [0x00000000c0000000, 0x0000000100000000)
  region size 1024K, 0 young (0K), 0 survivors (0K)
 Metaspace       used 3558K, capacity 5536K, committed 5760K, reserved 1056768K
  class space    used 326K, capacity 562K, committed 640K, reserved 1048576K
}
Event: 26.944 GC heap before
{Heap before GC invocations=43 (full 21):
 garbage-first heap   total 530432K, used 178018K [0x00000000c0000000, 0x0000000100000000)
  region size 1024K, 1 young (1024K), 0 survivors (0K)
 Metaspace       used 3558K, capacity 5536K, committed 5760K, reserved 1056768K
  class space    used 326K, capacity 562K, committed 640K, reserved 1048576K
}
Event: 26.996 GC heap after
{Heap after GC invocations=44 (full 22):
 garbage-first heap   total 530432K, used 178018K [0x00000000c0000000, 0x0000000100000000)
  region size 1024K, 0 young (0K), 0 survivors (0K)
 Metaspace       used 3558K, capacity 5536K, committed 5760K, reserved 1056768K
  class space    used 326K, capacity 562K, committed 640K, reserved 1048576K
}

